<?xml version="1.0" encoding="UTF-8"?>
<!-- Generated by org.testng.reporters.JUnitReportReporter -->
<testsuite hostname="Inheritxs-Mac-mini.local" failures="0" tests="1" name="com.rugby.planner.tests.TeamManagementTest" time="32.520" errors="0" timestamp="2025-10-30T15:11:35 IST" skipped="0">
  <testcase classname="com.rugby.planner.tests.TeamManagementTest" name="createTeamAndVerify" time="32.520"/>
</testsuite> <!-- com.rugby.planner.tests.TeamManagementTest -->
