<?xml version="1.0" encoding="UTF-8"?>
<!-- Generated by org.testng.reporters.JUnitReportReporter -->
<testsuite hostname="Inheritxs-Mac-mini.local" failures="0" tests="3" name="com.rugby.planner.tests.LoginTest" time="58.736" errors="0" timestamp="2025-10-09T16:36:06 IST" skipped="0">
  <testcase classname="com.rugby.planner.tests.LoginTest" name="verifyValidLogin" time="19.301"/>
  <testcase classname="com.rugby.planner.tests.LoginTest" name="loginwithInvalidcredential" time="18.421"/>
  <testcase classname="com.rugby.planner.tests.LoginTest" name="loginWithEmptyFields" time="21.014"/>
</testsuite> <!-- com.rugby.planner.tests.LoginTest -->
