<?xml version="1.0" encoding="UTF-8"?>
<!-- Generated by org.testng.reporters.JUnitReportReporter -->
<testsuite hostname="Inheritxs-Mac-mini.local" failures="0" tests="3" name="com.rugby.planner.tests.LoginTest" time="69.164" errors="0" timestamp="2025-10-29T16:02:45 IST" skipped="0">
  <testcase classname="com.rugby.planner.tests.LoginTest" name="verifyValidLogin" time="10.182"/>
  <testcase classname="com.rugby.planner.tests.LoginTest" name="loginwithInvalidcredential" time="39.111"/>
  <testcase classname="com.rugby.planner.tests.LoginTest" name="loginWithEmptyFields" time="19.871"/>
</testsuite> <!-- com.rugby.planner.tests.LoginTest -->
